<?xml version="1.0" encoding="UTF-8"?>
<!-- Generated by org.testng.reporters.JUnitXMLReporter -->
<testsuite ignored="1" hostname="LAPTOP-PMPIU3N4" failures="0" tests="1" name="Default test" time="211.173" errors="0" timestamp="2024-01-15T14:07:04 GMT-06:00">
  <testcase classname="com.vedhaframework.Naukari.Naukariscripts" name="VerifyRegPage" time="180.084"/>
  <testcase classname="com.vedhaframework.Naukari.Naukariscripts" name="VerifyLoginPage" time="0.0">
    <ignored/>
  </testcase> <!-- VerifyLoginPage -->
</testsuite> <!-- Default test -->
