<?xml version="1.0" encoding="UTF-8"?>
<testng-results ignored="1" total="2" passed="1" failed="0" skipped="0">
  <reporter-output>
  </reporter-output>
  <suite started-at="2024-01-15T14:03:33 GMT-06:00" name="Default suite" finished-at="2024-01-15T14:07:04 GMT-06:00" duration-ms="211173">
    <groups>
    </groups>
    <test started-at="2024-01-15T14:03:33 GMT-06:00" name="Default test" finished-at="2024-01-15T14:07:04 GMT-06:00" duration-ms="211173">
      <class name="com.vedhaframework.Naukari.Naukariscripts">
        <test-method is-config="true" signature="SetUpLoggers()[pri:0, instance:com.vedhaframework.Naukari.Naukariscripts@1807e3f6]" started-at="2024-01-15T14:03:33 GMT-06:00" name="SetUpLoggers" finished-at="2024-01-15T14:03:33 GMT-06:00" duration-ms="14" status="PASS">
          <reporter-output>
          </reporter-output>
        </test-method> <!-- SetUpLoggers -->
        <test-method is-config="true" signature="Initialization()[pri:0, instance:com.vedhaframework.Naukari.Naukariscripts@1807e3f6]" started-at="2024-01-15T14:03:33 GMT-06:00" name="Initialization" finished-at="2024-01-15T14:03:43 GMT-06:00" duration-ms="9668" status="PASS">
          <reporter-output>
          </reporter-output>
        </test-method> <!-- Initialization -->
        <test-method signature="VerifyRegPage()[pri:2, instance:com.vedhaframework.Naukari.Naukariscripts@1807e3f6]" started-at="2024-01-15T14:03:43 GMT-06:00" name="VerifyRegPage" description="Verifying Naukari Registration functionality" finished-at="2024-01-15T14:06:43 GMT-06:00" duration-ms="180084" status="PASS">
          <reporter-output>
          </reporter-output>
        </test-method> <!-- VerifyRegPage -->
        <test-method is-config="true" signature="Dispose()[pri:0, instance:com.vedhaframework.Naukari.Naukariscripts@1807e3f6]" started-at="2024-01-15T14:06:43 GMT-06:00" name="Dispose" finished-at="2024-01-15T14:07:04 GMT-06:00" duration-ms="21043" status="PASS">
          <reporter-output>
          </reporter-output>
        </test-method> <!-- Dispose -->
      </class> <!-- com.vedhaframework.Naukari.Naukariscripts -->
    </test> <!-- Default test -->
  </suite> <!-- Default suite -->
</testng-results>
